<?xml version="1.0" encoding="UTF-8"?>
<!-- Generated by org.testng.reporters.JUnitReportReporter -->
<testsuite hostname="vendskp67" name="jdbcConnect.SQLConnector" tests="1" failures="0" timestamp="21 Apr 2016 07:25:16 GMT" time="0.204" errors="0">
  <testcase name="getData" time="0.204" classname="jdbcConnect.SQLConnector"/>
</testsuite> <!-- jdbcConnect.SQLConnector -->
