<?xml version="1.0" encoding="UTF-8"?>
<!-- Generated by org.testng.reporters.JUnitReportReporter -->
<testsuite hostname="vendskp53" name="jdbcConnect.SQLConnector" tests="1" failures="0" timestamp="20 Apr 2016 06:11:53 GMT" time="0.447" errors="0">
  <testcase name="getData" time="0.447" classname="jdbcConnect.SQLConnector"/>
</testsuite> <!-- jdbcConnect.SQLConnector -->
