<?xml version="1.0" encoding="UTF-8"?>
<!-- Generated by org.testng.reporters.JUnitReportReporter -->
<testsuite hostname="vendskp53" name="jdbcConnect.SQLConnector" tests="1" failures="0" timestamp="21 Apr 2016 07:18:27 GMT" time="0.190" errors="0">
  <testcase name="getData" time="0.190" classname="jdbcConnect.SQLConnector"/>
</testsuite> <!-- jdbcConnect.SQLConnector -->
